<?xml version="1.0" encoding="UTF-8"?>
<!-- Generated by org.testng.reporters.JUnitXMLReporter -->
<testsuite ignored="6" hostname="Bharath" failures="1" tests="1" name="Default test" time="0.055" errors="0" timestamp="2025-01-21T08:51:37 IST">
  <testcase classname="com.application.tests.ApplicationTest" name="verifyApplicationLogin" time="0.0">
    <failure type="org.testng.TestNGException" message="
Method public void com.application.tests.ApplicationTest.verifyApplicationLogin(java.lang.String,java.lang.String) requires a @DataProvider named : data">
      <![CDATA[org.testng.TestNGException: 
Method public void com.application.tests.ApplicationTest.verifyApplicationLogin(java.lang.String,java.lang.String) requires a @DataProvider named : data
at org.testng.internal.Parameters.findDataProvider(Parameters.java:532)
at org.testng.internal.Parameters.handleParameters(Parameters.java:769)
at org.testng.internal.Parameters.handleParameters(Parameters.java:734)
at org.testng.internal.invokers.ParameterHandler.handleParameters(ParameterHandler.java:72)
at org.testng.internal.invokers.ParameterHandler.createParameters(ParameterHandler.java:51)
at org.testng.internal.invokers.TestInvoker$MethodInvocationAgent.invoke(TestInvoker.java:946)
at org.testng.internal.invokers.TestInvoker.invokeTestMethods(TestInvoker.java:203)
at org.testng.internal.invokers.TestMethodWorker.invokeTestMethods(TestMethodWorker.java:154)
at org.testng.internal.invokers.TestMethodWorker.run(TestMethodWorker.java:134)
at java.base/java.util.ArrayList.forEach(ArrayList.java:1597)
at org.testng.TestRunner.privateRun(TestRunner.java:739)
at org.testng.TestRunner.run(TestRunner.java:614)
at org.testng.SuiteRunner.runTest(SuiteRunner.java:421)
at org.testng.SuiteRunner.runSequentially(SuiteRunner.java:413)
at org.testng.SuiteRunner.privateRun(SuiteRunner.java:373)
at org.testng.SuiteRunner.run(SuiteRunner.java:312)
at org.testng.SuiteRunnerWorker.runSuite(SuiteRunnerWorker.java:52)
at org.testng.SuiteRunnerWorker.run(SuiteRunnerWorker.java:95)
at org.testng.TestNG.runSuitesSequentially(TestNG.java:1274)
at org.testng.TestNG.runSuitesLocally(TestNG.java:1208)
at org.testng.TestNG.runSuites(TestNG.java:1112)
at org.testng.TestNG.run(TestNG.java:1079)
at org.testng.remote.AbstractRemoteTestNG.run(AbstractRemoteTestNG.java:115)
at org.testng.remote.RemoteTestNG.initAndRun(RemoteTestNG.java:293)
at org.testng.remote.RemoteTestNG.main(RemoteTestNG.java:91)
]]>
    </failure>
  </testcase> <!-- verifyApplicationLogin -->
  <testcase classname="com.application.tests.ApplicationTest" name="verifyApplicationSignUp" time="0.0">
    <ignored/>
  </testcase> <!-- verifyApplicationSignUp -->
  <testcase classname="com.application.tests.ApplicationTest" name="verifyCookiesPopUpIsDisplayed" time="0.0">
    <ignored/>
  </testcase> <!-- verifyCookiesPopUpIsDisplayed -->
  <testcase classname="com.application.tests.ApplicationTest" name="verifyCookiesWhenUserSelectsAcceptAll" time="0.0">
    <ignored/>
  </testcase> <!-- verifyCookiesWhenUserSelectsAcceptAll -->
  <testcase classname="com.application.tests.ApplicationTest" name="verifyCookiesPopUpSwitchButtons" time="0.0">
    <ignored/>
  </testcase> <!-- verifyCookiesPopUpSwitchButtons -->
  <testcase classname="com.application.tests.ApplicationTest" name="verifyCookiesPopUpContent" time="0.0">
    <ignored/>
  </testcase> <!-- verifyCookiesPopUpContent -->
  <testcase classname="com.application.tests.ApplicationTest" name="verifyCookiesPopUpViewDetailsLink" time="0.0">
    <ignored/>
  </testcase> <!-- verifyCookiesPopUpViewDetailsLink -->
</testsuite> <!-- Default test -->
